=== Sun Feb 22 09:47:05 AM CST 2026 ===
Cloning into '/root/.openclaw/workspace/genesis-framework'...
error: RPC failed; curl 16 Error in the HTTP2 framing layer
fatal: expected flush after ref listing
Cloned fresh
Synced at Sun Feb 22 09:47:37 AM CST 2026
---
=== Sun Feb 22 09:49:36 AM CST 2026 ===
Downloaded: README.md
Downloaded: index.js
Downloaded: index.d.ts
Downloaded: package.json
Downloaded: example.js
Downloaded: test.js
Synced at Sun Feb 22 09:49:42 AM CST 2026
---
=== Sun Feb 22 09:50:51 AM CST 2026 ===
Syncing genesis-framework...
Downloaded: README.md
Downloaded: index.js
Downloaded: index.d.ts
Downloaded: package.json
Downloaded: example.js
Downloaded: test.js
Updated MEMORY.md
Synced at Sun Feb 22 09:50:56 AM CST 2026
---
=== Sun Feb 22 12:00:01 PM CST 2026 ===
Syncing genesis-framework...
Downloaded: README.md
Downloaded: index.js
Downloaded: index.d.ts
Downloaded: package.json
Downloaded: example.js
Downloaded: test.js
Updated MEMORY.md
Synced at Sun Feb 22 12:06:42 PM CST 2026
---
=== Sun Feb 22 06:00:01 PM CST 2026 ===
Syncing genesis-framework...
Downloaded: README.md
Downloaded: index.js
Downloaded: index.d.ts
Downloaded: package.json
Downloaded: example.js
Downloaded: test.js
Updated MEMORY.md
Synced at Sun Feb 22 06:14:14 PM CST 2026
---
=== Sun Feb 22 09:29:15 PM CST 2026 ===
Syncing genesis-framework...
Downloaded: README.md
Downloaded: index.js
Downloaded: index.d.ts
Downloaded: package.json
Downloaded: example.js
Downloaded: test.js
Updated MEMORY.md
Synced at Sun Feb 22 09:29:26 PM CST 2026
---
=== Mon Feb 23 08:00:01 AM CST 2026 ===
Syncing genesis-framework...
Downloaded: README.md
Downloaded: index.js
Downloaded: index.d.ts
Downloaded: package.json
Downloaded: example.js
Downloaded: test.js
Updated MEMORY.md
Synced at Mon Feb 23 08:00:07 AM CST 2026
---
=== Mon Feb 23 12:00:01 PM CST 2026 ===
Syncing genesis-framework...
Downloaded: README.md
Downloaded: index.js
Downloaded: index.d.ts
Downloaded: package.json
Downloaded: example.js
Downloaded: test.js
Updated MEMORY.md
Synced at Mon Feb 23 12:00:09 PM CST 2026
---
